<?xml version="1.0" encoding="UTF-8"?>
<testsuite name="io.tcds.orm.statement.EqualsToTests" tests="2" skipped="0" failures="0" errors="0" timestamp="2022-11-02T15:05:05" hostname="thiago-cordeiro" time="0.006">
  <properties/>
  <testcase name="create infix equals to statement and params()" classname="io.tcds.orm.statement.EqualsToTests" time="0.003"/>
  <testcase name="create fun equals to statement and params()" classname="io.tcds.orm.statement.EqualsToTests" time="0.001"/>
  <system-out><![CDATA[]]></system-out>
  <system-err><![CDATA[]]></system-err>
</testsuite>
