<?xml version="1.0" encoding="UTF-8"?>
<testsuite name="io.tcds.orm.statement.BetweenTests" tests="1" skipped="0" failures="0" errors="0" timestamp="2022-11-02T15:05:05" hostname="thiago-cordeiro" time="0.004">
  <properties/>
  <testcase name="create between statement and params()" classname="io.tcds.orm.statement.BetweenTests" time="0.004"/>
  <system-out><![CDATA[]]></system-out>
  <system-err><![CDATA[]]></system-err>
</testsuite>
