<?xml version="1.0" encoding="UTF-8"?>
<testsuite name="io.tcds.orm.extension.WhereTests" tests="2" skipped="0" failures="0" errors="0" timestamp="2022-11-02T15:05:05" hostname="thiago-cordeiro" time="0.016">
  <properties/>
  <testcase name="when order maps is empty then order statement is empty()" classname="io.tcds.orm.extension.WhereTests" time="0.004"/>
  <testcase name="when order maps is not empty then order statement has column order configuration()" classname="io.tcds.orm.extension.WhereTests" time="0.007"/>
  <system-out><![CDATA[]]></system-out>
  <system-err><![CDATA[]]></system-err>
</testsuite>
