<?xml version="1.0" encoding="UTF-8"?>
<testsuite name="io.tcds.orm.column.StringColumnTest" tests="1" skipped="0" failures="0" errors="0" timestamp="2022-11-02T15:05:05" hostname="thiago-cordeiro" time="0.029">
  <properties/>
  <testcase name="when binding params are given then set into the statement ()" classname="io.tcds.orm.column.StringColumnTest" time="0.029"/>
  <system-out><![CDATA[]]></system-out>
  <system-err><![CDATA[]]></system-err>
</testsuite>
